<?xml version="1.0" encoding="UTF-8"?>
<testng-results ignored="0" total="1" passed="1" failed="0" skipped="0">
  <reporter-output>
  </reporter-output>
  <suite started-at="2023-10-20T16:12:56 IST" name="My Maven test" finished-at="2023-10-20T16:13:26 IST" duration-ms="29878">
    <groups>
    </groups>
    <test started-at="2023-10-20T16:12:56 IST" name="test" finished-at="2023-10-20T16:13:26 IST" duration-ms="29878">
      <class name="Org.LambdaTesting.Runner.LambdaRunnerClass">
        <test-method signature="verifyIntegrations(org.testng.ITestContext)[pri:0, instance:Org.LambdaTesting.Runner.LambdaRunnerClass@a38c7fe]" started-at="2023-10-20T16:12:56 IST" name="verifyIntegrations" finished-at="2023-10-20T16:13:26 IST" duration-ms="29817" status="PASS">
          <params>
            <param index="0">
              <value>
                <![CDATA[org.testng.TestRunner@5276d6ee]]>
              </value>
            </param>
          </params>
          <reporter-output>
          </reporter-output>
        </test-method> <!-- verifyIntegrations -->
      </class> <!-- Org.LambdaTesting.Runner.LambdaRunnerClass -->
    </test> <!-- test -->
  </suite> <!-- My Maven test -->
</testng-results>
